{"/home/sridhar/Downloads/projects/plaid-backend/ExternalAccountWeb/frontend/src/components/Button/Button.tsx": {"path":"/home/sridhar/Downloads/projects/plaid-backend/ExternalAccountWeb/frontend/src/components/Button/Button.tsx","statementMap":{"0":{"start":{"line":13,"column":15},"end":{"line":26,"column":1}},"1":{"start":{"line":14,"column":4},"end":{"line":25,"column":6}}},"fnMap":{"0":{"name":"(anonymous_0)","decl":{"start":{"line":13,"column":15},"end":{"line":13,"column":16}},"loc":{"start":{"line":13,"column":39},"end":{"line":26,"column":1}},"line":13}},"branchMap":{},"s":{"0":1,"1":1},"f":{"0":1},"b":{},"_coverageSchema":"1a1c01bbd47fc00a2c39e90264f33305004495a9","hash":"88713c2e9379c9fbc80a29530cd4bb00a4270ac4"}
,"/home/sridhar/Downloads/projects/plaid-backend/ExternalAccountWeb/frontend/src/components/InputBox/InputBox.tsx": {"path":"/home/sridhar/Downloads/projects/plaid-backend/ExternalAccountWeb/frontend/src/components/InputBox/InputBox.tsx","statementMap":{"0":{"start":{"line":11,"column":17},"end":{"line":27,"column":1}},"1":{"start":{"line":12,"column":4},"end":{"line":26,"column":6}}},"fnMap":{"0":{"name":"(anonymous_0)","decl":{"start":{"line":11,"column":17},"end":{"line":11,"column":18}},"loc":{"start":{"line":11,"column":40},"end":{"line":27,"column":1}},"line":11}},"branchMap":{},"s":{"0":1,"1":1},"f":{"0":1},"b":{},"_coverageSchema":"1a1c01bbd47fc00a2c39e90264f33305004495a9","hash":"a851dd9f1d95f323be3f33b36aaf45fe6cdd10a7"}
}
